<Server>
    <ComputerName>Brian</ComputerName>
    <OS>Windows</OS>
    <LocalAdminPassword>Password</LocalAdminPassword>
	<Size>Medium</Size>
    <SubnetName>VMNet1</SubnetName>
	<Drives>
		<Drive Name="DATA-01" Letter="E" Size="100"  />
		<Drive Name="DATA-02" Letter="F" Size="50" />
	</Drives>
	<EndPoints>
		<EndPoint Name="HTTP" LocalPort="80" RemotePort="80" />
	</EndPoints>
	<ScriptExtension />
</Server>